app/build/intermediates/manifest_merge_blame_file/debug/manifest-merger-blame-debug-report.txt
1<?xml version="1.0" encoding="utf-8"?>
2<manifest xmlns:android="http://schemas.android.com/apk/res/android"
3    package="com.example.mobileplatformdevelopment"
4    android:versionCode="1"
5    android:versionName="1.0" >
6
7    <uses-sdk
8        android:minSdkVersion="16"
8-->src\main\AndroidManifest.xml
9        android:targetSdkVersion="29" />
9-->src\main\AndroidManifest.xml
10
11    <uses-permission android:name="android.permission.INTERNET" >
11-->src\main\AndroidManifest.xml:5:5-7:23
11-->src\main\AndroidManifest.xml:6:9-51
12    </uses-permission>
13    <uses-permission android:name="android.permission.ACCESS_NETWORK_STATE" />
13-->src\main\AndroidManifest.xml:9:5-10:11
13-->src\main\AndroidManifest.xml:9:22-76
14    <uses-permission android:name="android.permission.ACCESS_FINE_LOCATION" />
14-->src\main\AndroidManifest.xml:11:5-79
14-->src\main\AndroidManifest.xml:11:22-76
15
16    <uses-feature
16-->src\main\AndroidManifest.xml:13:5-15:35
17        android:glEsVersion="0x00020000"
17-->src\main\AndroidManifest.xml:14:9-41
18        android:required="true" />
18-->src\main\AndroidManifest.xml:15:9-32
19
20    <application
20-->src\main\AndroidManifest.xml:17:5-43:19
21        android:allowBackup="true"
21-->src\main\AndroidManifest.xml:18:9-35
22        android:appComponentFactory="androidx.core.app.CoreComponentFactory"
22-->[androidx.core:core:1.1.0] AndroidManifest.xml:24:18-86
23        android:debuggable="true"
24        android:icon="@mipmap/ic_launcher"
24-->src\main\AndroidManifest.xml:19:9-43
25        android:label="@string/app_name"
25-->src\main\AndroidManifest.xml:20:9-41
26        android:roundIcon="@mipmap/ic_launcher_round"
26-->src\main\AndroidManifest.xml:21:9-54
27        android:supportsRtl="true"
27-->src\main\AndroidManifest.xml:22:9-35
28        android:testOnly="true"
29        android:theme="@style/AppTheme" >
29-->src\main\AndroidManifest.xml:23:9-40
30        <meta-data
30-->src\main\AndroidManifest.xml:24:9-26:47
31            android:name="com.google.android.geo.API_KEY"
31-->src\main\AndroidManifest.xml:25:13-58
32            android:value="@string/maps_api" />
32-->src\main\AndroidManifest.xml:26:13-45
33        <meta-data
33-->src\main\AndroidManifest.xml:27:9-29:69
34            android:name="com.google.android.geo.version"
34-->src\main\AndroidManifest.xml:28:13-58
35            android:value="@integer/google_play_services_version" />
35-->src\main\AndroidManifest.xml:29:13-66
36
37        <uses-library
37-->src\main\AndroidManifest.xml:30:9-32:40
38            android:name="org.apache.http.legacy"
38-->src\main\AndroidManifest.xml:31:13-50
39            android:required="false" />
39-->src\main\AndroidManifest.xml:32:13-37
40
41        <activity
41-->src\main\AndroidManifest.xml:34:9-42:20
42            android:name="com.example.mobileplatformdevelopment.MainActivity"
42-->src\main\AndroidManifest.xml:35:13-41
43            android:label="@string/app_name" >
43-->src\main\AndroidManifest.xml:36:13-45
44            <intent-filter>
44-->src\main\AndroidManifest.xml:37:13-41:29
45                <action android:name="android.intent.action.MAIN" />
45-->src\main\AndroidManifest.xml:38:17-69
45-->src\main\AndroidManifest.xml:38:25-66
46
47                <category android:name="android.intent.category.LAUNCHER" />
47-->src\main\AndroidManifest.xml:40:17-77
47-->src\main\AndroidManifest.xml:40:27-74
48            </intent-filter>
49        </activity>
50        <activity
50-->[com.google.android.gms:play-services-base:17.0.0] AndroidManifest.xml:23:9-26:75
51            android:name="com.google.android.gms.common.api.GoogleApiActivity"
51-->[com.google.android.gms:play-services-base:17.0.0] AndroidManifest.xml:24:13-79
52            android:exported="false"
52-->[com.google.android.gms:play-services-base:17.0.0] AndroidManifest.xml:25:13-37
53            android:theme="@android:style/Theme.Translucent.NoTitleBar" />
53-->[com.google.android.gms:play-services-base:17.0.0] AndroidManifest.xml:26:13-72
54
55        <meta-data
55-->[com.google.android.gms:play-services-basement:17.0.0] AndroidManifest.xml:23:9-25:69
56            android:name="com.google.android.gms.version"
56-->[com.google.android.gms:play-services-basement:17.0.0] AndroidManifest.xml:24:13-58
57            android:value="@integer/google_play_services_version" />
57-->[com.google.android.gms:play-services-basement:17.0.0] AndroidManifest.xml:25:13-66
58
59        <provider
59-->[androidx.lifecycle:lifecycle-process:2.2.0] AndroidManifest.xml:25:9-29:43
60            android:name="androidx.lifecycle.ProcessLifecycleOwnerInitializer"
60-->[androidx.lifecycle:lifecycle-process:2.2.0] AndroidManifest.xml:26:13-79
61            android:authorities="com.example.mobileplatformdevelopment.lifecycle-process"
61-->[androidx.lifecycle:lifecycle-process:2.2.0] AndroidManifest.xml:27:13-69
62            android:exported="false"
62-->[androidx.lifecycle:lifecycle-process:2.2.0] AndroidManifest.xml:28:13-37
63            android:multiprocess="true" />
63-->[androidx.lifecycle:lifecycle-process:2.2.0] AndroidManifest.xml:29:13-40
64    </application>
65
66</manifest>